Detecting C OpenMP failed with the following output:
Change Dir: /Users/gmd/Google Drive/study/NYU class/20 spring course/High performance computing/final project/opencv/CMakeFiles/CMakeTmp

Run Build Command(s):/usr/bin/make cmTC_c9dc5/fast && /Applications/Xcode.app/Contents/Developer/usr/bin/make  -f CMakeFiles/cmTC_c9dc5.dir/build.make CMakeFiles/cmTC_c9dc5.dir/build
Building C object CMakeFiles/cmTC_c9dc5.dir/OpenMPTryFlag.c.o
/Applications/Xcode.app/Contents/Developer/Toolchains/XcodeDefault.xctoolchain/usr/bin/cc   -fopenmp=libomp -v -isysroot /Applications/Xcode.app/Contents/Developer/Platforms/MacOSX.platform/Developer/SDKs/MacOSX10.15.sdk   -o CMakeFiles/cmTC_c9dc5.dir/OpenMPTryFlag.c.o   -c "/Users/gmd/Google Drive/study/NYU class/20 spring course/High performance computing/final project/opencv/CMakeFiles/FindOpenMP/OpenMPTryFlag.c"
Apple clang version 11.0.3 (clang-1103.0.32.59)
Target: x86_64-apple-darwin19.4.0
Thread model: posix
InstalledDir: /Applications/Xcode.app/Contents/Developer/Toolchains/XcodeDefault.xctoolchain/usr/bin
clang: error: unsupported argument 'libomp' to option 'fopenmp='
make[1]: *** [CMakeFiles/cmTC_c9dc5.dir/OpenMPTryFlag.c.o] Error 1
make: *** [cmTC_c9dc5/fast] Error 2



Detecting C OpenMP failed with the following output:
Change Dir: /Users/gmd/Google Drive/study/NYU class/20 spring course/High performance computing/final project/opencv/CMakeFiles/CMakeTmp

Run Build Command(s):/usr/bin/make cmTC_6e0a1/fast && /Applications/Xcode.app/Contents/Developer/usr/bin/make  -f CMakeFiles/cmTC_6e0a1.dir/build.make CMakeFiles/cmTC_6e0a1.dir/build
Building C object CMakeFiles/cmTC_6e0a1.dir/OpenMPTryFlag.c.o
/Applications/Xcode.app/Contents/Developer/Toolchains/XcodeDefault.xctoolchain/usr/bin/cc   -fopenmp=libiomp5 -v -isysroot /Applications/Xcode.app/Contents/Developer/Platforms/MacOSX.platform/Developer/SDKs/MacOSX10.15.sdk   -o CMakeFiles/cmTC_6e0a1.dir/OpenMPTryFlag.c.o   -c "/Users/gmd/Google Drive/study/NYU class/20 spring course/High performance computing/final project/opencv/CMakeFiles/FindOpenMP/OpenMPTryFlag.c"
Apple clang version 11.0.3 (clang-1103.0.32.59)
Target: x86_64-apple-darwin19.4.0
Thread model: posix
InstalledDir: /Applications/Xcode.app/Contents/Developer/Toolchains/XcodeDefault.xctoolchain/usr/bin
clang: error: unsupported argument 'libiomp5' to option 'fopenmp='
make[1]: *** [CMakeFiles/cmTC_6e0a1.dir/OpenMPTryFlag.c.o] Error 1
make: *** [cmTC_6e0a1/fast] Error 2



Detecting C OpenMP failed with the following output:
Change Dir: /Users/gmd/Google Drive/study/NYU class/20 spring course/High performance computing/final project/opencv/CMakeFiles/CMakeTmp

Run Build Command(s):/usr/bin/make cmTC_4742a/fast && /Applications/Xcode.app/Contents/Developer/usr/bin/make  -f CMakeFiles/cmTC_4742a.dir/build.make CMakeFiles/cmTC_4742a.dir/build
Building C object CMakeFiles/cmTC_4742a.dir/OpenMPTryFlag.c.o
/Applications/Xcode.app/Contents/Developer/Toolchains/XcodeDefault.xctoolchain/usr/bin/cc   -fopenmp -v -isysroot /Applications/Xcode.app/Contents/Developer/Platforms/MacOSX.platform/Developer/SDKs/MacOSX10.15.sdk   -o CMakeFiles/cmTC_4742a.dir/OpenMPTryFlag.c.o   -c "/Users/gmd/Google Drive/study/NYU class/20 spring course/High performance computing/final project/opencv/CMakeFiles/FindOpenMP/OpenMPTryFlag.c"
Apple clang version 11.0.3 (clang-1103.0.32.59)
Target: x86_64-apple-darwin19.4.0
Thread model: posix
InstalledDir: /Applications/Xcode.app/Contents/Developer/Toolchains/XcodeDefault.xctoolchain/usr/bin
clang: error: unsupported option '-fopenmp'
make[1]: *** [CMakeFiles/cmTC_4742a.dir/OpenMPTryFlag.c.o] Error 1
make: *** [cmTC_4742a/fast] Error 2



Detecting C OpenMP failed with the following output:
Change Dir: /Users/gmd/Google Drive/study/NYU class/20 spring course/High performance computing/final project/opencv/CMakeFiles/CMakeTmp

Run Build Command(s):/usr/bin/make cmTC_766fb/fast && /Applications/Xcode.app/Contents/Developer/usr/bin/make  -f CMakeFiles/cmTC_766fb.dir/build.make CMakeFiles/cmTC_766fb.dir/build
Building C object CMakeFiles/cmTC_766fb.dir/OpenMPTryFlag.c.o
/Applications/Xcode.app/Contents/Developer/Toolchains/XcodeDefault.xctoolchain/usr/bin/cc   -Xclang -fopenmp -v -isysroot /Applications/Xcode.app/Contents/Developer/Platforms/MacOSX.platform/Developer/SDKs/MacOSX10.15.sdk   -o CMakeFiles/cmTC_766fb.dir/OpenMPTryFlag.c.o   -c "/Users/gmd/Google Drive/study/NYU class/20 spring course/High performance computing/final project/opencv/CMakeFiles/FindOpenMP/OpenMPTryFlag.c"
Apple clang version 11.0.3 (clang-1103.0.32.59)
Target: x86_64-apple-darwin19.4.0
Thread model: posix
InstalledDir: /Applications/Xcode.app/Contents/Developer/Toolchains/XcodeDefault.xctoolchain/usr/bin
 "/Applications/Xcode.app/Contents/Developer/Toolchains/XcodeDefault.xctoolchain/usr/bin/clang" -cc1 -triple x86_64-apple-macosx10.15.0 -Wdeprecated-objc-isa-usage -Werror=deprecated-objc-isa-usage -emit-obj -mrelax-all -disable-free -disable-llvm-verifier -discard-value-names -main-file-name OpenMPTryFlag.c -mrelocation-model pic -pic-level 2 -mthread-model posix -mframe-pointer=all -fno-strict-return -masm-verbose -munwind-tables -target-sdk-version=10.15.4 -target-cpu penryn -dwarf-column-info -debugger-tuning=lldb -target-linker-version 556.6 -v -coverage-notes-file "/Users/gmd/Google Drive/study/NYU class/20 spring course/High performance computing/final project/opencv/CMakeFiles/CMakeTmp/CMakeFiles/cmTC_766fb.dir/OpenMPTryFlag.c.gcno" -resource-dir /Applications/Xcode.app/Contents/Developer/Toolchains/XcodeDefault.xctoolchain/usr/lib/clang/11.0.3 -isysroot /Applications/Xcode.app/Contents/Developer/Platforms/MacOSX.platform/Developer/SDKs/MacOSX10.15.sdk -internal-isystem /Applications/Xcode.app/Contents/Developer/Platforms/MacOSX.platform/Developer/SDKs/MacOSX10.15.sdk/usr/local/include -internal-isystem /Applications/Xcode.app/Contents/Developer/Toolchains/XcodeDefault.xctoolchain/usr/lib/clang/11.0.3/include -internal-externc-isystem /Applications/Xcode.app/Contents/Developer/Platforms/MacOSX.platform/Developer/SDKs/MacOSX10.15.sdk/usr/include -internal-externc-isystem /Applications/Xcode.app/Contents/Developer/Toolchains/XcodeDefault.xctoolchain/usr/include -Wno-objc-signed-char-bool-implicit-int-conversion -Wno-extra-semi-stmt -Wno-quoted-include-in-framework-header -fdebug-compilation-dir "/Users/gmd/Google Drive/study/NYU class/20 spring course/High performance computing/final project/opencv/CMakeFiles/CMakeTmp" -ferror-limit 19 -fmessage-length 0 -stack-protector 1 -fstack-check -mdarwin-stkchk-strong-link -fblocks -fencode-extended-block-signature -fregister-global-dtors-with-atexit -fobjc-runtime=macosx-10.15.0 -fmax-type-align=16 -fdiagnostics-show-option -fopenmp -o CMakeFiles/cmTC_766fb.dir/OpenMPTryFlag.c.o -x c "/Users/gmd/Google Drive/study/NYU class/20 spring course/High performance computing/final project/opencv/CMakeFiles/FindOpenMP/OpenMPTryFlag.c"
clang -cc1 version 11.0.3 (clang-1103.0.32.59) default target x86_64-apple-darwin19.4.0
ignoring nonexistent directory "/Applications/Xcode.app/Contents/Developer/Platforms/MacOSX.platform/Developer/SDKs/MacOSX10.15.sdk/usr/local/include"
ignoring nonexistent directory "/Applications/Xcode.app/Contents/Developer/Platforms/MacOSX.platform/Developer/SDKs/MacOSX10.15.sdk/Library/Frameworks"
#include "..." search starts here:
#include <...> search starts here:
 /Applications/Xcode.app/Contents/Developer/Toolchains/XcodeDefault.xctoolchain/usr/lib/clang/11.0.3/include
 /Applications/Xcode.app/Contents/Developer/Platforms/MacOSX.platform/Developer/SDKs/MacOSX10.15.sdk/usr/include
 /Applications/Xcode.app/Contents/Developer/Toolchains/XcodeDefault.xctoolchain/usr/include
 /Applications/Xcode.app/Contents/Developer/Platforms/MacOSX.platform/Developer/SDKs/MacOSX10.15.sdk/System/Library/Frameworks (framework directory)
End of search list.
/Users/gmd/Google Drive/study/NYU class/20 spring course/High performance computing/final project/opencv/CMakeFiles/FindOpenMP/OpenMPTryFlag.c:2:10: fatal error: 'omp.h' file not found
#include <omp.h>
         ^~~~~~~
1 error generated.
make[1]: *** [CMakeFiles/cmTC_766fb.dir/OpenMPTryFlag.c.o] Error 1
make: *** [cmTC_766fb/fast] Error 2



Detecting CXX OpenMP failed with the following output:
Change Dir: /Users/gmd/Google Drive/study/NYU class/20 spring course/High performance computing/final project/opencv/CMakeFiles/CMakeTmp

Run Build Command(s):/usr/bin/make cmTC_957fe/fast && /Applications/Xcode.app/Contents/Developer/usr/bin/make  -f CMakeFiles/cmTC_957fe.dir/build.make CMakeFiles/cmTC_957fe.dir/build
Building CXX object CMakeFiles/cmTC_957fe.dir/OpenMPTryFlag.cpp.o
/Applications/Xcode.app/Contents/Developer/Toolchains/XcodeDefault.xctoolchain/usr/bin/c++    -fopenmp=libomp -v -isysroot /Applications/Xcode.app/Contents/Developer/Platforms/MacOSX.platform/Developer/SDKs/MacOSX10.15.sdk   -o CMakeFiles/cmTC_957fe.dir/OpenMPTryFlag.cpp.o -c "/Users/gmd/Google Drive/study/NYU class/20 spring course/High performance computing/final project/opencv/CMakeFiles/FindOpenMP/OpenMPTryFlag.cpp"
Apple clang version 11.0.3 (clang-1103.0.32.59)
Target: x86_64-apple-darwin19.4.0
Thread model: posix
InstalledDir: /Applications/Xcode.app/Contents/Developer/Toolchains/XcodeDefault.xctoolchain/usr/bin
clang: error: unsupported argument 'libomp' to option 'fopenmp='
make[1]: *** [CMakeFiles/cmTC_957fe.dir/OpenMPTryFlag.cpp.o] Error 1
make: *** [cmTC_957fe/fast] Error 2



Detecting CXX OpenMP failed with the following output:
Change Dir: /Users/gmd/Google Drive/study/NYU class/20 spring course/High performance computing/final project/opencv/CMakeFiles/CMakeTmp

Run Build Command(s):/usr/bin/make cmTC_b8ea5/fast && /Applications/Xcode.app/Contents/Developer/usr/bin/make  -f CMakeFiles/cmTC_b8ea5.dir/build.make CMakeFiles/cmTC_b8ea5.dir/build
Building CXX object CMakeFiles/cmTC_b8ea5.dir/OpenMPTryFlag.cpp.o
/Applications/Xcode.app/Contents/Developer/Toolchains/XcodeDefault.xctoolchain/usr/bin/c++    -fopenmp=libiomp5 -v -isysroot /Applications/Xcode.app/Contents/Developer/Platforms/MacOSX.platform/Developer/SDKs/MacOSX10.15.sdk   -o CMakeFiles/cmTC_b8ea5.dir/OpenMPTryFlag.cpp.o -c "/Users/gmd/Google Drive/study/NYU class/20 spring course/High performance computing/final project/opencv/CMakeFiles/FindOpenMP/OpenMPTryFlag.cpp"
Apple clang version 11.0.3 (clang-1103.0.32.59)
Target: x86_64-apple-darwin19.4.0
Thread model: posix
InstalledDir: /Applications/Xcode.app/Contents/Developer/Toolchains/XcodeDefault.xctoolchain/usr/bin
clang: error: unsupported argument 'libiomp5' to option 'fopenmp='
make[1]: *** [CMakeFiles/cmTC_b8ea5.dir/OpenMPTryFlag.cpp.o] Error 1
make: *** [cmTC_b8ea5/fast] Error 2



Detecting CXX OpenMP failed with the following output:
Change Dir: /Users/gmd/Google Drive/study/NYU class/20 spring course/High performance computing/final project/opencv/CMakeFiles/CMakeTmp

Run Build Command(s):/usr/bin/make cmTC_b7909/fast && /Applications/Xcode.app/Contents/Developer/usr/bin/make  -f CMakeFiles/cmTC_b7909.dir/build.make CMakeFiles/cmTC_b7909.dir/build
Building CXX object CMakeFiles/cmTC_b7909.dir/OpenMPTryFlag.cpp.o
/Applications/Xcode.app/Contents/Developer/Toolchains/XcodeDefault.xctoolchain/usr/bin/c++    -fopenmp -v -isysroot /Applications/Xcode.app/Contents/Developer/Platforms/MacOSX.platform/Developer/SDKs/MacOSX10.15.sdk   -o CMakeFiles/cmTC_b7909.dir/OpenMPTryFlag.cpp.o -c "/Users/gmd/Google Drive/study/NYU class/20 spring course/High performance computing/final project/opencv/CMakeFiles/FindOpenMP/OpenMPTryFlag.cpp"
Apple clang version 11.0.3 (clang-1103.0.32.59)
Target: x86_64-apple-darwin19.4.0
Thread model: posix
InstalledDir: /Applications/Xcode.app/Contents/Developer/Toolchains/XcodeDefault.xctoolchain/usr/bin
clang: error: unsupported option '-fopenmp'
make[1]: *** [CMakeFiles/cmTC_b7909.dir/OpenMPTryFlag.cpp.o] Error 1
make: *** [cmTC_b7909/fast] Error 2



Detecting CXX OpenMP failed with the following output:
Change Dir: /Users/gmd/Google Drive/study/NYU class/20 spring course/High performance computing/final project/opencv/CMakeFiles/CMakeTmp

Run Build Command(s):/usr/bin/make cmTC_865e0/fast && /Applications/Xcode.app/Contents/Developer/usr/bin/make  -f CMakeFiles/cmTC_865e0.dir/build.make CMakeFiles/cmTC_865e0.dir/build
Building CXX object CMakeFiles/cmTC_865e0.dir/OpenMPTryFlag.cpp.o
/Applications/Xcode.app/Contents/Developer/Toolchains/XcodeDefault.xctoolchain/usr/bin/c++    -Xclang -fopenmp -v -isysroot /Applications/Xcode.app/Contents/Developer/Platforms/MacOSX.platform/Developer/SDKs/MacOSX10.15.sdk   -o CMakeFiles/cmTC_865e0.dir/OpenMPTryFlag.cpp.o -c "/Users/gmd/Google Drive/study/NYU class/20 spring course/High performance computing/final project/opencv/CMakeFiles/FindOpenMP/OpenMPTryFlag.cpp"
Apple clang version 11.0.3 (clang-1103.0.32.59)
Target: x86_64-apple-darwin19.4.0
Thread model: posix
InstalledDir: /Applications/Xcode.app/Contents/Developer/Toolchains/XcodeDefault.xctoolchain/usr/bin
 "/Applications/Xcode.app/Contents/Developer/Toolchains/XcodeDefault.xctoolchain/usr/bin/clang" -cc1 -triple x86_64-apple-macosx10.15.0 -Wdeprecated-objc-isa-usage -Werror=deprecated-objc-isa-usage -emit-obj -mrelax-all -disable-free -disable-llvm-verifier -discard-value-names -main-file-name OpenMPTryFlag.cpp -mrelocation-model pic -pic-level 2 -mthread-model posix -mframe-pointer=all -fno-strict-return -masm-verbose -munwind-tables -target-sdk-version=10.15.4 -target-cpu penryn -dwarf-column-info -debugger-tuning=lldb -target-linker-version 556.6 -v -coverage-notes-file "/Users/gmd/Google Drive/study/NYU class/20 spring course/High performance computing/final project/opencv/CMakeFiles/CMakeTmp/CMakeFiles/cmTC_865e0.dir/OpenMPTryFlag.cpp.gcno" -resource-dir /Applications/Xcode.app/Contents/Developer/Toolchains/XcodeDefault.xctoolchain/usr/lib/clang/11.0.3 -isysroot /Applications/Xcode.app/Contents/Developer/Platforms/MacOSX.platform/Developer/SDKs/MacOSX10.15.sdk -stdlib=libc++ -internal-isystem /Applications/Xcode.app/Contents/Developer/Toolchains/XcodeDefault.xctoolchain/usr/bin/../include/c++/v1 -internal-isystem /Applications/Xcode.app/Contents/Developer/Platforms/MacOSX.platform/Developer/SDKs/MacOSX10.15.sdk/usr/include/c++/v1 -internal-isystem /Applications/Xcode.app/Contents/Developer/Platforms/MacOSX.platform/Developer/SDKs/MacOSX10.15.sdk/usr/local/include -internal-isystem /Applications/Xcode.app/Contents/Developer/Toolchains/XcodeDefault.xctoolchain/usr/lib/clang/11.0.3/include -internal-externc-isystem /Applications/Xcode.app/Contents/Developer/Platforms/MacOSX.platform/Developer/SDKs/MacOSX10.15.sdk/usr/include -internal-externc-isystem /Applications/Xcode.app/Contents/Developer/Toolchains/XcodeDefault.xctoolchain/usr/include -Wno-objc-signed-char-bool-implicit-int-conversion -Wno-extra-semi-stmt -Wno-quoted-include-in-framework-header -fdeprecated-macro -fdebug-compilation-dir "/Users/gmd/Google Drive/study/NYU class/20 spring course/High performance computing/final project/opencv/CMakeFiles/CMakeTmp" -ferror-limit 19 -fmessage-length 0 -stack-protector 1 -fstack-check -mdarwin-stkchk-strong-link -fblocks -fencode-extended-block-signature -fregister-global-dtors-with-atexit -fobjc-runtime=macosx-10.15.0 -fcxx-exceptions -fexceptions -fmax-type-align=16 -fdiagnostics-show-option -fopenmp -o CMakeFiles/cmTC_865e0.dir/OpenMPTryFlag.cpp.o -x c++ "/Users/gmd/Google Drive/study/NYU class/20 spring course/High performance computing/final project/opencv/CMakeFiles/FindOpenMP/OpenMPTryFlag.cpp"
clang -cc1 version 11.0.3 (clang-1103.0.32.59) default target x86_64-apple-darwin19.4.0
ignoring nonexistent directory "/Applications/Xcode.app/Contents/Developer/Platforms/MacOSX.platform/Developer/SDKs/MacOSX10.15.sdk/usr/include/c++/v1"
ignoring nonexistent directory "/Applications/Xcode.app/Contents/Developer/Platforms/MacOSX.platform/Developer/SDKs/MacOSX10.15.sdk/usr/local/include"
ignoring nonexistent directory "/Applications/Xcode.app/Contents/Developer/Platforms/MacOSX.platform/Developer/SDKs/MacOSX10.15.sdk/Library/Frameworks"
#include "..." search starts here:
#include <...> search starts here:
 /Applications/Xcode.app/Contents/Developer/Toolchains/XcodeDefault.xctoolchain/usr/bin/../include/c++/v1
 /Applications/Xcode.app/Contents/Developer/Toolchains/XcodeDefault.xctoolchain/usr/lib/clang/11.0.3/include
 /Applications/Xcode.app/Contents/Developer/Platforms/MacOSX.platform/Developer/SDKs/MacOSX10.15.sdk/usr/include
 /Applications/Xcode.app/Contents/Developer/Toolchains/XcodeDefault.xctoolchain/usr/include
 /Applications/Xcode.app/Contents/Developer/Platforms/MacOSX.platform/Developer/SDKs/MacOSX10.15.sdk/System/Library/Frameworks (framework directory)
End of search list.
/Users/gmd/Google Drive/study/NYU class/20 spring course/High performance computing/final project/opencv/CMakeFiles/FindOpenMP/OpenMPTryFlag.cpp:2:10: fatal error: 'omp.h' file not found
#include <omp.h>
         ^~~~~~~
1 error generated.
make[1]: *** [CMakeFiles/cmTC_865e0.dir/OpenMPTryFlag.cpp.o] Error 1
make: *** [cmTC_865e0/fast] Error 2



